[09:33:19] Using gulpfile ~/workbench/source-code/git/github/RoomSpider/front-page/gulpfile.js
[09:33:19] Starting 'serve'...
[09:33:19] Starting 'clean'...
[09:33:19] Starting 'wiredep'...
[09:33:19] Finished 'wiredep' after 38 ms
[09:33:19] Finished 'serve' after 46 ms
[09:33:19] Finished 'clean' after 293 ms
[09:33:19] Starting 'styles'...
[09:33:21] Starting 'scripts'...
[09:33:23] Starting 'fonts'...
[09:33:25] Finished 'styles' after 5.52 s
[09:33:25] Finished 'scripts' after 3.66 s
[09:33:25] Finished 'fonts' after 1.77 s
[Browsersync] Access URLs:
 -------------------------------------
       Local: http://localhost:9001
    External: http://192.168.1.25:9001
 -------------------------------------
          UI: http://localhost:3001
 UI External: http://192.168.1.25:3001
 -------------------------------------
[Browsersync] Serving files from: .tmp
[Browsersync] Serving files from: app
[10:59:56] Starting 'scripts'...
[Browsersync] Reloading Browsers...
[Browsersync] Reloading Browsers...
[Browsersync] 4 files changed (compiled-template.js.map, compiled-template.js, main.js.map, main.js)
[10:59:56] Finished 'scripts' after 124 ms
[11:00:40] Starting 'scripts'...
[Browsersync] Reloading Browsers...
[Browsersync] Reloading Browsers...
[Browsersync] 4 files changed (compiled-template.js.map, compiled-template.js, main.js.map, main.js)
[11:00:40] Finished 'scripts' after 87 ms
[11:00:47] Starting 'scripts'...
[Browsersync] Reloading Browsers...
[Browsersync] Reloading Browsers...
[Browsersync] 4 files changed (compiled-template.js.map, compiled-template.js, main.js.map, main.js)
[11:00:47] Finished 'scripts' after 54 ms
[11:01:43] Starting 'scripts'...
[Browsersync] Reloading Browsers...
[Browsersync] Reloading Browsers...
[Browsersync] 4 files changed (compiled-template.js.map, compiled-template.js, main.js.map, main.js)
[11:01:43] Finished 'scripts' after 33 ms
[11:01:57] Starting 'scripts'...
[Browsersync] Reloading Browsers...
[Browsersync] Reloading Browsers...
[Browsersync] 4 files changed (compiled-template.js.map, compiled-template.js, main.js.map, main.js)
[11:01:57] Finished 'scripts' after 79 ms
[11:02:05] Starting 'scripts'...
[Browsersync] Reloading Browsers...
[Browsersync] Reloading Browsers...
[Browsersync] 4 files changed (compiled-template.js.map, compiled-template.js, main.js.map, main.js)
[11:02:05] Finished 'scripts' after 37 ms
[11:02:13] Starting 'scripts'...
[Browsersync] Reloading Browsers...
[Browsersync] Reloading Browsers...
[Browsersync] 4 files changed (compiled-template.js.map, compiled-template.js, main.js.map, main.js)
[11:02:13] Finished 'scripts' after 36 ms
[11:02:20] Starting 'scripts'...
[Browsersync] Reloading Browsers...
[Browsersync] Reloading Browsers...
[Browsersync] 4 files changed (compiled-template.js.map, compiled-template.js, main.js.map, main.js)
[11:02:20] Finished 'scripts' after 40 ms
[Browsersync] Reloading Browsers...
[Browsersync] Reloading Browsers...
[11:03:50] Starting 'scripts'...
[Browsersync] Reloading Browsers...
[Browsersync] Reloading Browsers...
[Browsersync] 4 files changed (compiled-template.js.map, compiled-template.js, main.js.map, main.js)
[11:03:50] Finished 'scripts' after 84 ms
[11:03:51] Starting 'scripts'...
[Browsersync] Reloading Browsers...
[Browsersync] Reloading Browsers...
[Browsersync] 4 files changed (compiled-template.js.map, compiled-template.js, main.js.map, main.js)
[11:03:51] Finished 'scripts' after 81 ms
[11:03:59] Starting 'scripts'...
[Browsersync] Reloading Browsers...
[Browsersync] Reloading Browsers...
[Browsersync] 4 files changed (compiled-template.js.map, compiled-template.js, main.js.map, main.js)
[11:03:59] Finished 'scripts' after 53 ms
[11:04:36] Starting 'scripts'...
[Browsersync] Reloading Browsers...
[Browsersync] Reloading Browsers...
[Browsersync] 4 files changed (compiled-template.js.map, compiled-template.js, main.js.map, main.js)
[11:04:36] Finished 'scripts' after 33 ms
[11:04:41] Starting 'scripts'...
[11:04:41] Plumber found unhandled error:
 SyntaxError in plugin 'gulp-babel'
Message:
    /home/jason/workbench/source-code/git/github/RoomSpider/front-page/app/scripts/main.js: Unexpected token (4:4)
[Browsersync] Reloading Browsers...
[Browsersync] 2 files changed (compiled-template.js.map, compiled-template.js)
[11:04:41] Finished 'scripts' after 55 ms
[11:04:57] Starting 'scripts'...
[Browsersync] Reloading Browsers...
[Browsersync] Reloading Browsers...
[Browsersync] 4 files changed (compiled-template.js.map, compiled-template.js, main.js.map, main.js)
[11:04:57] Finished 'scripts' after 40 ms
[11:05:21] Starting 'scripts'...
[Browsersync] Reloading Browsers...
[Browsersync] Reloading Browsers...
[Browsersync] 4 files changed (compiled-template.js.map, compiled-template.js, main.js.map, main.js)
[11:05:21] Finished 'scripts' after 73 ms
[11:05:29] Starting 'scripts'...
[Browsersync] Reloading Browsers...
[Browsersync] Reloading Browsers...
[Browsersync] 4 files changed (compiled-template.js.map, compiled-template.js, main.js.map, main.js)
[11:05:29] Finished 'scripts' after 63 ms
[11:05:38] Starting 'scripts'...
[Browsersync] Reloading Browsers...
[Browsersync] Reloading Browsers...
[Browsersync] 4 files changed (compiled-template.js.map, compiled-template.js, main.js.map, main.js)
[11:05:38] Finished 'scripts' after 111 ms
[11:05:59] Starting 'scripts'...
[Browsersync] Reloading Browsers...
[Browsersync] Reloading Browsers...
[Browsersync] 4 files changed (compiled-template.js.map, compiled-template.js, main.js.map, main.js)
[11:05:59] Finished 'scripts' after 49 ms
[11:06:04] Starting 'scripts'...
[Browsersync] Reloading Browsers...
[Browsersync] Reloading Browsers...
[Browsersync] 4 files changed (compiled-template.js.map, compiled-template.js, main.js.map, main.js)
[11:06:04] Finished 'scripts' after 31 ms
[11:06:05] Starting 'scripts'...
[Browsersync] Reloading Browsers...
[Browsersync] Reloading Browsers...
[Browsersync] 4 files changed (compiled-template.js.map, compiled-template.js, main.js.map, main.js)
[11:06:05] Finished 'scripts' after 38 ms
[11:06:12] Starting 'scripts'...
[Browsersync] Reloading Browsers...
[Browsersync] Reloading Browsers...
[Browsersync] 4 files changed (compiled-template.js.map, compiled-template.js, main.js.map, main.js)
[11:06:12] Finished 'scripts' after 46 ms
[11:06:17] Starting 'scripts'...
[Browsersync] Reloading Browsers...
[Browsersync] Reloading Browsers...
[Browsersync] 4 files changed (compiled-template.js.map, compiled-template.js, main.js.map, main.js)
[11:06:17] Finished 'scripts' after 42 ms
[11:06:27] Starting 'scripts'...
[Browsersync] Reloading Browsers...
[Browsersync] Reloading Browsers...
[Browsersync] 4 files changed (compiled-template.js.map, compiled-template.js, main.js.map, main.js)
[11:06:27] Finished 'scripts' after 46 ms
[11:06:31] Starting 'scripts'...
[Browsersync] Reloading Browsers...
[Browsersync] Reloading Browsers...
[Browsersync] 4 files changed (compiled-template.js.map, compiled-template.js, main.js.map, main.js)
[11:06:31] Finished 'scripts' after 44 ms
[11:06:38] Starting 'scripts'...
[Browsersync] Reloading Browsers...
[Browsersync] Reloading Browsers...
[Browsersync] 4 files changed (compiled-template.js.map, compiled-template.js, main.js.map, main.js)
[11:06:38] Finished 'scripts' after 33 ms
[11:06:53] Starting 'scripts'...
[Browsersync] Reloading Browsers...
[Browsersync] Reloading Browsers...
[Browsersync] 4 files changed (compiled-template.js.map, compiled-template.js, main.js.map, main.js)
[11:06:53] Finished 'scripts' after 71 ms
[11:06:58] Starting 'scripts'...
[Browsersync] Reloading Browsers...
[Browsersync] Reloading Browsers...
[Browsersync] 4 files changed (compiled-template.js.map, compiled-template.js, main.js.map, main.js)
[11:06:58] Finished 'scripts' after 48 ms
[11:07:00] Starting 'scripts'...
[Browsersync] Reloading Browsers...
[Browsersync] Reloading Browsers...
[Browsersync] 4 files changed (compiled-template.js.map, compiled-template.js, main.js.map, main.js)
[11:07:00] Finished 'scripts' after 52 ms
[11:07:04] Starting 'scripts'...
[Browsersync] Reloading Browsers...
[Browsersync] Reloading Browsers...
[Browsersync] 4 files changed (compiled-template.js.map, compiled-template.js, main.js.map, main.js)
[11:07:04] Finished 'scripts' after 46 ms
[11:07:32] Starting 'scripts'...
[Browsersync] Reloading Browsers...
[Browsersync] Reloading Browsers...
[Browsersync] 4 files changed (compiled-template.js.map, compiled-template.js, main.js.map, main.js)
[11:07:32] Finished 'scripts' after 62 ms
[11:07:44] Starting 'scripts'...
[Browsersync] Reloading Browsers...
[Browsersync] Reloading Browsers...
[Browsersync] 4 files changed (compiled-template.js.map, compiled-template.js, main.js.map, main.js)
[11:07:44] Finished 'scripts' after 48 ms
[11:07:53] Starting 'scripts'...
[Browsersync] Reloading Browsers...
[Browsersync] Reloading Browsers...
[Browsersync] 4 files changed (compiled-template.js.map, compiled-template.js, main.js.map, main.js)
[11:07:53] Finished 'scripts' after 36 ms
[11:08:01] Starting 'scripts'...
[Browsersync] Reloading Browsers...
[Browsersync] Reloading Browsers...
[Browsersync] 4 files changed (compiled-template.js.map, compiled-template.js, main.js.map, main.js)
[11:08:02] Finished 'scripts' after 69 ms
[11:08:27] Starting 'scripts'...
[Browsersync] Reloading Browsers...
[Browsersync] Reloading Browsers...
[Browsersync] 4 files changed (compiled-template.js.map, compiled-template.js, main.js.map, main.js)
[11:08:27] Finished 'scripts' after 30 ms
[11:08:28] Starting 'scripts'...
[Browsersync] Reloading Browsers...
[Browsersync] Reloading Browsers...
[Browsersync] 4 files changed (compiled-template.js.map, compiled-template.js, main.js.map, main.js)
[11:08:28] Finished 'scripts' after 30 ms
[11:08:48] Starting 'scripts'...
[Browsersync] Reloading Browsers...
[Browsersync] Reloading Browsers...
[Browsersync] 4 files changed (compiled-template.js.map, compiled-template.js, main.js.map, main.js)
[11:08:48] Finished 'scripts' after 52 ms
[11:09:10] Starting 'scripts'...
[Browsersync] Reloading Browsers...
[Browsersync] Reloading Browsers...
[Browsersync] 4 files changed (compiled-template.js.map, compiled-template.js, main.js.map, main.js)
[11:09:10] Finished 'scripts' after 98 ms
[Browsersync] Reloading Browsers...
[Browsersync] Reloading Browsers...
[Browsersync] Reloading Browsers...
[11:11:32] Starting 'scripts'...
[Browsersync] Reloading Browsers...
[Browsersync] Reloading Browsers...
[Browsersync] 4 files changed (compiled-template.js.map, compiled-template.js, main.js.map, main.js)
[11:11:32] Finished 'scripts' after 64 ms
[11:12:57] Starting 'scripts'...
[Browsersync] Reloading Browsers...
[Browsersync] Reloading Browsers...
[Browsersync] 4 files changed (compiled-template.js.map, compiled-template.js, main.js.map, main.js)
[11:12:57] Finished 'scripts' after 44 ms
[11:13:19] Starting 'scripts'...
[Browsersync] Reloading Browsers...
[Browsersync] Reloading Browsers...
[Browsersync] 4 files changed (compiled-template.js.map, compiled-template.js, main.js.map, main.js)
[11:13:19] Finished 'scripts' after 20 ms
[11:28:30] Starting 'scripts'...
[Browsersync] Reloading Browsers...
[Browsersync] Reloading Browsers...
[Browsersync] 4 files changed (compiled-template.js.map, compiled-template.js, main.js.map, main.js)
[11:28:30] Finished 'scripts' after 44 ms
[11:28:33] Starting 'scripts'...
[Browsersync] Reloading Browsers...
[Browsersync] Reloading Browsers...
[Browsersync] Reloading Browsers...
[Browsersync] 6 files changed (compiled-template.js.map, compiled-template.js, main.js.map, main.js, template-web.js.map, template-web.js)
[11:28:33] Finished 'scripts' after 473 ms
[Browsersync] Reloading Browsers...
[Browsersync] Reloading Browsers...
[Browsersync] Reloading Browsers...
[Browsersync] Reloading Browsers...
[11:39:04] Starting 'wiredep'...
[11:39:04] Finished 'wiredep' after 11 ms
[11:39:04] Starting 'fonts'...
[11:39:04] Finished 'fonts' after 61 ms
[11:39:04] Starting 'styles'...
[Browsersync] Reloading Browsers...
[Browsersync] Reloading Browsers...
[Browsersync] Reloading Browsers...
[Browsersync] Reloading Browsers...
[Browsersync] Reloading Browsers...
[Browsersync] Reloading Browsers...
[Browsersync] Reloading Browsers...
[Browsersync] 1 file changed (main.css)
[11:39:05] Finished 'styles' after 609 ms
[11:39:29] Starting 'scripts'...
[Browsersync] Reloading Browsers...
[Browsersync] Reloading Browsers...
[Browsersync] Reloading Browsers...
[Browsersync] 6 files changed (compiled-template.js.map, compiled-template.js, main.js.map, main.js, template-web.js.map, template-web.js)
[11:39:30] Finished 'scripts' after 520 ms
[Browsersync] Reloading Browsers...
[Browsersync] Reloading Browsers...
[Browsersync] Reloading Browsers...
[11:41:01] Starting 'scripts'...
[Browsersync] Reloading Browsers...
[Browsersync] Reloading Browsers...
[Browsersync] 4 files changed (compiled-template.js.map, compiled-template.js, main.js.map, main.js)
[11:41:01] Finished 'scripts' after 42 ms
[11:42:38] Starting 'scripts'...
[Browsersync] Reloading Browsers...
[Browsersync] Reloading Browsers...
[Browsersync] 4 files changed (compiled-template.js.map, compiled-template.js, main.js.map, main.js)
[11:42:38] Finished 'scripts' after 24 ms
[11:43:04] Starting 'scripts'...
[Browsersync] Reloading Browsers...
[Browsersync] Reloading Browsers...
[Browsersync] 4 files changed (compiled-template.js.map, compiled-template.js, main.js.map, main.js)
[11:43:04] Finished 'scripts' after 24 ms
[11:43:34] Starting 'scripts'...
[Browsersync] Reloading Browsers...
[Browsersync] Reloading Browsers...
[Browsersync] 4 files changed (compiled-template.js.map, compiled-template.js, main.js.map, main.js)
[11:43:34] Finished 'scripts' after 21 ms
[11:43:46] Starting 'scripts'...
[Browsersync] Reloading Browsers...
[Browsersync] Reloading Browsers...
[Browsersync] 4 files changed (compiled-template.js.map, compiled-template.js, main.js.map, main.js)
[11:43:46] Finished 'scripts' after 36 ms
[11:44:20] Starting 'scripts'...
[Browsersync] Reloading Browsers...
[Browsersync] Reloading Browsers...
[Browsersync] 4 files changed (compiled-template.js.map, compiled-template.js, main.js.map, main.js)
[11:44:20] Finished 'scripts' after 47 ms
[11:44:21] Starting 'scripts'...
[Browsersync] Reloading Browsers...
[Browsersync] Reloading Browsers...
[Browsersync] 4 files changed (compiled-template.js.map, compiled-template.js, main.js.map, main.js)
[11:44:21] Finished 'scripts' after 84 ms
[11:44:49] Starting 'scripts'...
[Browsersync] Reloading Browsers...
[Browsersync] Reloading Browsers...
[Browsersync] 4 files changed (compiled-template.js.map, compiled-template.js, main.js.map, main.js)
[11:44:49] Finished 'scripts' after 38 ms
[11:44:53] Starting 'scripts'...
[Browsersync] Reloading Browsers...
[Browsersync] Reloading Browsers...
[Browsersync] 4 files changed (compiled-template.js.map, compiled-template.js, main.js.map, main.js)
[11:44:53] Finished 'scripts' after 26 ms
[11:44:54] Starting 'scripts'...
[Browsersync] Reloading Browsers...
[Browsersync] Reloading Browsers...
[Browsersync] 4 files changed (compiled-template.js.map, compiled-template.js, main.js.map, main.js)
[11:44:54] Finished 'scripts' after 44 ms
[Browsersync] Reloading Browsers...
[Browsersync] Reloading Browsers...
[11:50:04] Starting 'scripts'...
[Browsersync] Reloading Browsers...
[Browsersync] Reloading Browsers...
[Browsersync] 4 files changed (compiled-template.js.map, compiled-template.js, main.js.map, main.js)
[11:50:04] Finished 'scripts' after 22 ms
[11:50:08] Starting 'scripts'...
[Browsersync] Reloading Browsers...
[Browsersync] Reloading Browsers...
[Browsersync] 4 files changed (compiled-template.js.map, compiled-template.js, main.js.map, main.js)
[11:50:08] Finished 'scripts' after 25 ms
[11:50:10] Starting 'scripts'...
[Browsersync] Reloading Browsers...
[Browsersync] Reloading Browsers...
[Browsersync] 4 files changed (compiled-template.js.map, compiled-template.js, main.js.map, main.js)
[11:50:10] Finished 'scripts' after 39 ms
[11:50:26] Starting 'scripts'...
[Browsersync] Reloading Browsers...
[Browsersync] Reloading Browsers...
[Browsersync] 4 files changed (compiled-template.js.map, compiled-template.js, main.js.map, main.js)
[11:50:26] Finished 'scripts' after 40 ms
[11:51:01] Starting 'scripts'...
[Browsersync] Reloading Browsers...
[Browsersync] Reloading Browsers...
[Browsersync] 4 files changed (compiled-template.js.map, compiled-template.js, main.js.map, main.js)
[11:51:01] Finished 'scripts' after 28 ms
[11:51:13] Starting 'scripts'...
[Browsersync] Reloading Browsers...
[Browsersync] Reloading Browsers...
[Browsersync] 4 files changed (compiled-template.js.map, compiled-template.js, main.js.map, main.js)
[11:51:13] Finished 'scripts' after 25 ms
[11:51:21] Starting 'scripts'...
[Browsersync] Reloading Browsers...
[Browsersync] Reloading Browsers...
[Browsersync] 4 files changed (compiled-template.js.map, compiled-template.js, main.js.map, main.js)
[11:51:21] Finished 'scripts' after 23 ms
[11:51:30] Starting 'scripts'...
[Browsersync] Reloading Browsers...
[Browsersync] Reloading Browsers...
[Browsersync] 4 files changed (compiled-template.js.map, compiled-template.js, main.js.map, main.js)
[11:51:30] Finished 'scripts' after 20 ms
[11:51:39] Starting 'scripts'...
[Browsersync] Reloading Browsers...
[Browsersync] Reloading Browsers...
[Browsersync] 4 files changed (compiled-template.js.map, compiled-template.js, main.js.map, main.js)
[11:51:39] Finished 'scripts' after 22 ms
[11:52:04] Starting 'scripts'...
[Browsersync] Reloading Browsers...
[Browsersync] Reloading Browsers...
[Browsersync] 4 files changed (compiled-template.js.map, compiled-template.js, main.js.map, main.js)
[11:52:04] Finished 'scripts' after 44 ms
[11:52:06] Starting 'scripts'...
[Browsersync] Reloading Browsers...
[Browsersync] Reloading Browsers...
[Browsersync] 4 files changed (compiled-template.js.map, compiled-template.js, main.js.map, main.js)
[11:52:06] Finished 'scripts' after 25 ms
[11:52:10] Starting 'scripts'...
[Browsersync] Reloading Browsers...
[Browsersync] Reloading Browsers...
[Browsersync] 4 files changed (compiled-template.js.map, compiled-template.js, main.js.map, main.js)
[11:52:10] Finished 'scripts' after 17 ms
[11:52:29] Starting 'scripts'...
[Browsersync] Reloading Browsers...
[Browsersync] Reloading Browsers...
[Browsersync] 4 files changed (compiled-template.js.map, compiled-template.js, main.js.map, main.js)
[11:52:29] Finished 'scripts' after 24 ms
[Browsersync] Reloading Browsers...
[Browsersync] Reloading Browsers...
[11:53:19] Starting 'scripts'...
[Browsersync] Reloading Browsers...
[Browsersync] Reloading Browsers...
[Browsersync] 4 files changed (compiled-template.js.map, compiled-template.js, main.js.map, main.js)
[11:53:19] Finished 'scripts' after 28 ms
[11:53:25] Starting 'scripts'...
[Browsersync] Reloading Browsers...
[Browsersync] Reloading Browsers...
[Browsersync] 4 files changed (compiled-template.js.map, compiled-template.js, main.js.map, main.js)
[11:53:25] Finished 'scripts' after 25 ms
[11:53:32] Starting 'scripts'...
[Browsersync] Reloading Browsers...
[Browsersync] Reloading Browsers...
[Browsersync] 4 files changed (compiled-template.js.map, compiled-template.js, main.js.map, main.js)
[11:53:32] Finished 'scripts' after 19 ms
[11:53:56] Starting 'scripts'...
[Browsersync] Reloading Browsers...
[Browsersync] Reloading Browsers...
[Browsersync] 4 files changed (compiled-template.js.map, compiled-template.js, main.js.map, main.js)
[11:53:56] Finished 'scripts' after 21 ms
[11:55:12] Starting 'scripts'...
[Browsersync] Reloading Browsers...
[Browsersync] Reloading Browsers...
[Browsersync] 4 files changed (compiled-template.js.map, compiled-template.js, main.js.map, main.js)
[11:55:12] Finished 'scripts' after 26 ms
[11:56:38] Starting 'scripts'...
[Browsersync] Reloading Browsers...
[Browsersync] Reloading Browsers...
[Browsersync] 4 files changed (compiled-template.js.map, compiled-template.js, main.js.map, main.js)
[11:56:38] Finished 'scripts' after 17 ms
[Browsersync] Reloading Browsers...
[11:56:58] Starting 'scripts'...
[Browsersync] Reloading Browsers...
[Browsersync] Reloading Browsers...
[Browsersync] 4 files changed (compiled-template.js.map, compiled-template.js, main.js.map, main.js)
[11:56:58] Finished 'scripts' after 42 ms
[11:57:03] Starting 'scripts'...
[Browsersync] Reloading Browsers...
[Browsersync] Reloading Browsers...
[Browsersync] 4 files changed (compiled-template.js.map, compiled-template.js, main.js.map, main.js)
[11:57:03] Finished 'scripts' after 22 ms
[11:57:09] Starting 'scripts'...
[Browsersync] Reloading Browsers...
[Browsersync] Reloading Browsers...
[Browsersync] 4 files changed (compiled-template.js.map, compiled-template.js, main.js.map, main.js)
[11:57:09] Finished 'scripts' after 20 ms
[11:57:12] Starting 'scripts'...
[Browsersync] Reloading Browsers...
[Browsersync] Reloading Browsers...
[Browsersync] 4 files changed (compiled-template.js.map, compiled-template.js, main.js.map, main.js)
[11:57:12] Finished 'scripts' after 35 ms
[11:57:47] Starting 'scripts'...
[Browsersync] Reloading Browsers...
[Browsersync] Reloading Browsers...
[Browsersync] 4 files changed (compiled-template.js.map, compiled-template.js, main.js.map, main.js)
[11:57:47] Finished 'scripts' after 31 ms
[11:58:28] Starting 'scripts'...
[Browsersync] Reloading Browsers...
[Browsersync] Reloading Browsers...
[Browsersync] 4 files changed (compiled-template.js.map, compiled-template.js, main.js.map, main.js)
[11:58:28] Finished 'scripts' after 23 ms
[11:58:51] Starting 'scripts'...
[Browsersync] Reloading Browsers...
[Browsersync] Reloading Browsers...
[Browsersync] 4 files changed (compiled-template.js.map, compiled-template.js, main.js.map, main.js)
[11:58:51] Finished 'scripts' after 19 ms
[11:59:03] Starting 'scripts'...
[Browsersync] Reloading Browsers...
[Browsersync] Reloading Browsers...
[Browsersync] 4 files changed (compiled-template.js.map, compiled-template.js, main.js.map, main.js)
[11:59:03] Finished 'scripts' after 39 ms
[11:59:04] Starting 'scripts'...
[Browsersync] Reloading Browsers...
[Browsersync] Reloading Browsers...
[Browsersync] 4 files changed (compiled-template.js.map, compiled-template.js, main.js.map, main.js)
[11:59:04] Finished 'scripts' after 50 ms
[11:59:23] Starting 'scripts'...
[Browsersync] Reloading Browsers...
[Browsersync] Reloading Browsers...
[Browsersync] 4 files changed (compiled-template.js.map, compiled-template.js, main.js.map, main.js)
[11:59:23] Finished 'scripts' after 34 ms
[11:59:33] Starting 'scripts'...
[Browsersync] Reloading Browsers...
[Browsersync] Reloading Browsers...
[Browsersync] 4 files changed (compiled-template.js.map, compiled-template.js, main.js.map, main.js)
[11:59:33] Finished 'scripts' after 19 ms
[Browsersync] Reloading Browsers...
[Browsersync] Reloading Browsers...
